<?xml version="1.0" encoding="UTF-8"?>
<!-- Generated by org.testng.reporters.JUnitReportReporter -->
<testsuite hostname="LAPTOP-E0D9TSCP" failures="0" tests="3" name="CoverFoxTest.TestClass" time="0.649" errors="0" timestamp="2024-08-13T10:02:08 IST" skipped="0">
  <testcase classname="CoverFoxTest.TestClass" name="validatePresenceOfSortDropdown" time="0.236">
    <system-out>
      <![CDATA[Validating the presence of sort dropdown on result page
Taking Screenshot]]>
    </system-out>
  </testcase> <!-- validatePresenceOfSortDropdown -->
  <testcase classname="CoverFoxTest.TestClass" name="validateBanners" time="0.256">
    <system-out>
      <![CDATA[Validating the no of banners on result page
Taking Screenshot]]>
    </system-out>
  </testcase> <!-- validateBanners -->
  <testcase classname="CoverFoxTest.TestClass" name="f" time="0.157"/>
  <system-out>
    <![CDATA[Launchig the browser
Click on get started
Click on next button
Select age
Click on next button
enter pincode
enter mobileNo
Click on Continue Btn
Validating the no of banners on result page
Taking Screenshot
Validating the presence of sort dropdown on result page
Taking Screenshot
Closing the browser]]>
  </system-out>
</testsuite> <!-- CoverFoxTest.TestClass -->
