<?xml version="1.0" encoding="UTF-8"?>
<!-- Generated by org.testng.reporters.JUnitReportReporter -->
<testsuite hostname="LAPTOP-E0D9TSCP" failures="0" tests="3" name="coverFoxTest.TestClass1" time="0.019" errors="1" timestamp="2024-08-10T16:04:41 IST" skipped="2">
  <testcase classname="coverFoxTest.TestClass1" name="validateBanners" time="0.000">
    <skipped/>
  </testcase> <!-- validateBanners -->
  <testcase classname="coverFoxTest.TestClass1" name="openBrowser" time="0.019">
    <error type="java.lang.StackOverflowError">
      <![CDATA[java.lang.StackOverflowError
at coverFoxTest.TestClass1.openBrowser(TestClass1.java:32)
at coverFoxTest.TestClass1.openBrowser(TestClass1.java:32)
at coverFoxTest.TestClass1.openBrowser(TestClass1.java:32)
at coverFoxTest.TestClass1.openBrowser(TestClass1.java:32)
at coverFoxTest.TestClass1.openBrowser(TestClass1.java:32)
at coverFoxTest.TestClass1.openBrowser(TestClass1.java:32)
at coverFoxTest.TestClass1.openBrowser(TestClass1.java:32)
at coverFoxTest.TestClass1.openBrowser(TestClass1.java:32)
at coverFoxTest.TestClass1.openBrowser(TestClass1.java:32)
at coverFoxTest.TestClass1.openBrowser(TestClass1.java:32)
at coverFoxTest.TestClass1.openBrowser(TestClass1.java:32)
at coverFoxTest.TestClass1.openBrowser(TestClass1.java:32)
at coverFoxTest.TestClass1.openBrowser(TestClass1.java:32)
at coverFoxTest.TestClass1.openBrowser(TestClass1.java:32)
at coverFoxTest.TestClass1.openBrowser(TestClass1.java:32)
at coverFoxTest.TestClass1.openBrowser(TestClass1.java:32)
at coverFoxTest.TestClass1.openBrowser(TestClass1.java:32)
at coverFoxTest.TestClass1.openBrowser(TestClass1.java:32)
at coverFoxTest.TestClass1.openBrowser(TestClass1.java:32)
at coverFoxTest.TestClass1.openBrowser(TestClass1.java:32)
at coverFoxTest.TestClass1.openBrowser(TestClass1.java:32)
at coverFoxTest.TestClass1.openBrowser(TestClass1.java:32)
at coverFoxTest.TestClass1.openBrowser(TestClass1.java:32)
at coverFoxTest.TestClass1.openBrowser(TestClass1.java:32)
at coverFoxTest.TestClass1.openBrowser(TestClass1.java:32)
at coverFoxTest.TestClass1.openBrowser(TestClass1.java:32)
at coverFoxTest.TestClass1.openBrowser(TestClass1.java:32)
at coverFoxTest.TestClass1.openBrowser(TestClass1.java:32)
at coverFoxTest.TestClass1.openBrowser(TestClass1.java:32)
at coverFoxTest.TestClass1.openBrowser(TestClass1.java:32)
at coverFoxTest.TestClass1.openBrowser(TestClass1.java:32)
at coverFoxTest.TestClass1.openBrowser(TestClass1.java:32)
at coverFoxTest.TestClass1.openBrowser(TestClass1.java:32)
at coverFoxTest.TestClass1.openBrowser(TestClass1.java:32)
at coverFoxTest.TestClass1.openBrowser(TestClass1.java:32)
at coverFoxTest.TestClass1.openBrowser(TestClass1.java:32)
at coverFoxTest.TestClass1.openBrowser(TestClass1.java:32)
at coverFoxTest.TestClass1.openBrowser(TestClass1.java:32)
at coverFoxTest.TestClass1.openBrowser(TestClass1.java:32)
at coverFoxTest.TestClass1.openBrowser(TestClass1.java:32)
at coverFoxTest.TestClass1.openBrowser(TestClass1.java:32)
at coverFoxTest.TestClass1.openBrowser(TestClass1.java:32)
at coverFoxTest.TestClass1.openBrowser(TestClass1.java:32)
at coverFoxTest.TestClass1.openBrowser(TestClass1.java:32)
at coverFoxTest.TestClass1.openBrowser(TestClass1.java:32)
at coverFoxTest.TestClass1.openBrowser(TestClass1.java:32)
at coverFoxTest.TestClass1.openBrowser(TestClass1.java:32)
at coverFoxTest.TestClass1.openBrowser(TestClass1.java:32)
at coverFoxTest.TestClass1.openBrowser(TestClass1.java:32)
at coverFoxTest.TestClass1.openBrowser(TestClass1.java:32)
at coverFoxTest.TestClass1.openBrowser(TestClass1.java:32)
at coverFoxTest.TestClass1.openBrowser(TestClass1.java:32)
at coverFoxTest.TestClass1.openBrowser(TestClass1.java:32)
at coverFoxTest.TestClass1.openBrowser(TestClass1.java:32)
at coverFoxTest.TestClass1.openBrowser(TestClass1.java:32)
at coverFoxTest.TestClass1.openBrowser(TestClass1.java:32)
at coverFoxTest.TestClass1.openBrowser(TestClass1.java:32)
at coverFoxTest.TestClass1.openBrowser(TestClass1.java:32)
at coverFoxTest.TestClass1.openBrowser(TestClass1.java:32)
at coverFoxTest.TestClass1.openBrowser(TestClass1.java:32)
at coverFoxTest.TestClass1.openBrowser(TestClass1.java:32)
at coverFoxTest.TestClass1.openBrowser(TestClass1.java:32)
at coverFoxTest.TestClass1.openBrowser(TestClass1.java:32)
at coverFoxTest.TestClass1.openBrowser(TestClass1.java:32)
at coverFoxTest.TestClass1.openBrowser(TestClass1.java:32)
at coverFoxTest.TestClass1.openBrowser(TestClass1.java:32)
at coverFoxTest.TestClass1.openBrowser(TestClass1.java:32)
at coverFoxTest.TestClass1.openBrowser(TestClass1.java:32)
at coverFoxTest.TestClass1.openBrowser(TestClass1.java:32)
at coverFoxTest.TestClass1.openBrowser(TestClass1.java:32)
at coverFoxTest.TestClass1.openBrowser(TestClass1.java:32)
at coverFoxTest.TestClass1.openBrowser(TestClass1.java:32)
at coverFoxTest.TestClass1.openBrowser(TestClass1.java:32)
at coverFoxTest.TestClass1.openBrowser(TestClass1.java:32)
at coverFoxTest.TestClass1.openBrowser(TestClass1.java:32)
at coverFoxTest.TestClass1.openBrowser(TestClass1.java:32)
at coverFoxTest.TestClass1.openBrowser(TestClass1.java:32)
at coverFoxTest.TestClass1.openBrowser(TestClass1.java:32)
at coverFoxTest.TestClass1.openBrowser(TestClass1.java:32)
at coverFoxTest.TestClass1.openBrowser(TestClass1.java:32)
at coverFoxTest.TestClass1.openBrowser(TestClass1.java:32)
at coverFoxTest.TestClass1.openBrowser(TestClass1.java:32)
at coverFoxTest.TestClass1.openBrowser(TestClass1.java:32)
at coverFoxTest.TestClass1.openBrowser(TestClass1.java:32)
at coverFoxTest.TestClass1.openBrowser(TestClass1.java:32)
at coverFoxTest.TestClass1.openBrowser(TestClass1.java:32)
at coverFoxTest.TestClass1.openBrowser(TestClass1.java:32)
at coverFoxTest.TestClass1.openBrowser(TestClass1.java:32)
at coverFoxTest.TestClass1.openBrowser(TestClass1.java:32)
at coverFoxTest.TestClass1.openBrowser(TestClass1.java:32)
at coverFoxTest.TestClass1.openBrowser(TestClass1.java:32)
at coverFoxTest.TestClass1.openBrowser(TestClass1.java:32)
at coverFoxTest.TestClass1.openBrowser(TestClass1.java:32)
at coverFoxTest.TestClass1.openBrowser(TestClass1.java:32)
at coverFoxTest.TestClass1.openBrowser(TestClass1.java:32)
at coverFoxTest.TestClass1.openBrowser(TestClass1.java:32)
at coverFoxTest.TestClass1.openBrowser(TestClass1.java:32)
at coverFoxTest.TestClass1.openBrowser(TestClass1.java:32)
at coverFoxTest.TestClass1.openBrowser(TestClass1.java:32)
at coverFoxTest.TestClass1.openBrowser(TestClass1.java:32)
at coverFoxTest.TestClass1.openBrowser(TestClass1.java:32)
at coverFoxTest.TestClass1.openBrowser(TestClass1.java:32)
at coverFoxTest.TestClass1.openBrowser(TestClass1.java:32)
at coverFoxTest.TestClass1.openBrowser(TestClass1.java:32)
at coverFoxTest.TestClass1.openBrowser(TestClass1.java:32)
at coverFoxTest.TestClass1.openBrowser(TestClass1.java:32)
at coverFoxTest.TestClass1.openBrowser(TestClass1.java:32)
at coverFoxTest.TestClass1.openBrowser(TestClass1.java:32)
at coverFoxTest.TestClass1.openBrowser(TestClass1.java:32)
at coverFoxTest.TestClass1.openBrowser(TestClass1.java:32)
at coverFoxTest.TestClass1.openBrowser(TestClass1.java:32)
at coverFoxTest.TestClass1.openBrowser(TestClass1.java:32)
at coverFoxTest.TestClass1.openBrowser(TestClass1.java:32)
at coverFoxTest.TestClass1.openBrowser(TestClass1.java:32)
at coverFoxTest.TestClass1.openBrowser(TestClass1.java:32)
at coverFoxTest.TestClass1.openBrowser(TestClass1.java:32)
at coverFoxTest.TestClass1.openBrowser(TestClass1.java:32)
at coverFoxTest.TestClass1.openBrowser(TestClass1.java:32)
at coverFoxTest.TestClass1.openBrowser(TestClass1.java:32)
at coverFoxTest.TestClass1.openBrowser(TestClass1.java:32)
at coverFoxTest.TestClass1.openBrowser(TestClass1.java:32)
at coverFoxTest.TestClass1.openBrowser(TestClass1.java:32)
at coverFoxTest.TestClass1.openBrowser(TestClass1.java:32)
at coverFoxTest.TestClass1.openBrowser(TestClass1.java:32)
at coverFoxTest.TestClass1.openBrowser(TestClass1.java:32)
at coverFoxTest.TestClass1.openBrowser(TestClass1.java:32)
at coverFoxTest.TestClass1.openBrowser(TestClass1.java:32)
at coverFoxTest.TestClass1.openBrowser(TestClass1.java:32)
at coverFoxTest.TestClass1.openBrowser(TestClass1.java:32)
at coverFoxTest.TestClass1.openBrowser(TestClass1.java:32)
at coverFoxTest.TestClass1.openBrowser(TestClass1.java:32)
at coverFoxTest.TestClass1.openBrowser(TestClass1.java:32)
at coverFoxTest.TestClass1.openBrowser(TestClass1.java:32)
at coverFoxTest.TestClass1.openBrowser(TestClass1.java:32)
at coverFoxTest.TestClass1.openBrowser(TestClass1.java:32)
at coverFoxTest.TestClass1.openBrowser(TestClass1.java:32)
at coverFoxTest.TestClass1.openBrowser(TestClass1.java:32)
at coverFoxTest.TestClass1.openBrowser(TestClass1.java:32)
at coverFoxTest.TestClass1.openBrowser(TestClass1.java:32)
at coverFoxTest.TestClass1.openBrowser(TestClass1.java:32)
at coverFoxTest.TestClass1.openBrowser(TestClass1.java:32)
at coverFoxTest.TestClass1.openBrowser(TestClass1.java:32)
at coverFoxTest.TestClass1.openBrowser(TestClass1.java:32)
at coverFoxTest.TestClass1.openBrowser(TestClass1.java:32)
at coverFoxTest.TestClass1.openBrowser(TestClass1.java:32)
at coverFoxTest.TestClass1.openBrowser(TestClass1.java:32)
at coverFoxTest.TestClass1.openBrowser(TestClass1.java:32)
at coverFoxTest.TestClass1.openBrowser(TestClass1.java:32)
at coverFoxTest.TestClass1.openBrowser(TestClass1.java:32)
at coverFoxTest.TestClass1.openBrowser(TestClass1.java:32)
at coverFoxTest.TestClass1.openBrowser(TestClass1.java:32)
at coverFoxTest.TestClass1.openBrowser(TestClass1.java:32)
at coverFoxTest.TestClass1.openBrowser(TestClass1.java:32)
at coverFoxTest.TestClass1.openBrowser(TestClass1.java:32)
at coverFoxTest.TestClass1.openBrowser(TestClass1.java:32)
at coverFoxTest.TestClass1.openBrowser(TestClass1.java:32)
at coverFoxTest.TestClass1.openBrowser(TestClass1.java:32)
at coverFoxTest.TestClass1.openBrowser(TestClass1.java:32)
at coverFoxTest.TestClass1.openBrowser(TestClass1.java:32)
at coverFoxTest.TestClass1.openBrowser(TestClass1.java:32)
at coverFoxTest.TestClass1.openBrowser(TestClass1.java:32)
at coverFoxTest.TestClass1.openBrowser(TestClass1.java:32)
at coverFoxTest.TestClass1.openBrowser(TestClass1.java:32)
at coverFoxTest.TestClass1.openBrowser(TestClass1.java:32)
at coverFoxTest.TestClass1.openBrowser(TestClass1.java:32)
at coverFoxTest.TestClass1.openBrowser(TestClass1.java:32)
at coverFoxTest.TestClass1.openBrowser(TestClass1.java:32)
at coverFoxTest.TestClass1.openBrowser(TestClass1.java:32)
at coverFoxTest.TestClass1.openBrowser(TestClass1.java:32)
at coverFoxTest.TestClass1.openBrowser(TestClass1.java:32)
at coverFoxTest.TestClass1.openBrowser(TestClass1.java:32)
at coverFoxTest.TestClass1.openBrowser(TestClass1.java:32)
at coverFoxTest.TestClass1.openBrowser(TestClass1.java:32)
at coverFoxTest.TestClass1.openBrowser(TestClass1.java:32)
at coverFoxTest.TestClass1.openBrowser(TestClass1.java:32)
at coverFoxTest.TestClass1.openBrowser(TestClass1.java:32)
at coverFoxTest.TestClass1.openBrowser(TestClass1.java:32)
at coverFoxTest.TestClass1.openBrowser(TestClass1.java:32)
at coverFoxTest.TestClass1.openBrowser(TestClass1.java:32)
at coverFoxTest.TestClass1.openBrowser(TestClass1.java:32)
at coverFoxTest.TestClass1.openBrowser(TestClass1.java:32)
at coverFoxTest.TestClass1.openBrowser(TestClass1.java:32)
at coverFoxTest.TestClass1.openBrowser(TestClass1.java:32)
at coverFoxTest.TestClass1.openBrowser(TestClass1.java:32)
at coverFoxTest.TestClass1.openBrowser(TestClass1.java:32)
at coverFoxTest.TestClass1.openBrowser(TestClass1.java:32)
at coverFoxTest.TestClass1.openBrowser(TestClass1.java:32)
at coverFoxTest.TestClass1.openBrowser(TestClass1.java:32)
at coverFoxTest.TestClass1.openBrowser(TestClass1.java:32)
at coverFoxTest.TestClass1.openBrowser(TestClass1.java:32)
at coverFoxTest.TestClass1.openBrowser(TestClass1.java:32)
at coverFoxTest.TestClass1.openBrowser(TestClass1.java:32)
at coverFoxTest.TestClass1.openBrowser(TestClass1.java:32)
at coverFoxTest.TestClass1.openBrowser(TestClass1.java:32)
at coverFoxTest.TestClass1.openBrowser(TestClass1.java:32)
at coverFoxTest.TestClass1.openBrowser(TestClass1.java:32)
at coverFoxTest.TestClass1.openBrowser(TestClass1.java:32)
at coverFoxTest.TestClass1.openBrowser(TestClass1.java:32)
at coverFoxTest.TestClass1.openBrowser(TestClass1.java:32)
at coverFoxTest.TestClass1.openBrowser(TestClass1.java:32)
at coverFoxTest.TestClass1.openBrowser(TestClass1.java:32)
at coverFoxTest.TestClass1.openBrowser(TestClass1.java:32)
at coverFoxTest.TestClass1.openBrowser(TestClass1.java:32)
at coverFoxTest.TestClass1.openBrowser(TestClass1.java:32)
at coverFoxTest.TestClass1.openBrowser(TestClass1.java:32)
at coverFoxTest.TestClass1.openBrowser(TestClass1.java:32)
at coverFoxTest.TestClass1.openBrowser(TestClass1.java:32)
at coverFoxTest.TestClass1.openBrowser(TestClass1.java:32)
at coverFoxTest.TestClass1.openBrowser(TestClass1.java:32)
at coverFoxTest.TestClass1.openBrowser(TestClass1.java:32)
at coverFoxTest.TestClass1.openBrowser(TestClass1.java:32)
at coverFoxTest.TestClass1.openBrowser(TestClass1.java:32)
at coverFoxTest.TestClass1.openBrowser(TestClass1.java:32)
at coverFoxTest.TestClass1.openBrowser(TestClass1.java:32)
at coverFoxTest.TestClass1.openBrowser(TestClass1.java:32)
at coverFoxTest.TestClass1.openBrowser(TestClass1.java:32)
at coverFoxTest.TestClass1.openBrowser(TestClass1.java:32)
at coverFoxTest.TestClass1.openBrowser(TestClass1.java:32)
at coverFoxTest.TestClass1.openBrowser(TestClass1.java:32)
at coverFoxTest.TestClass1.openBrowser(TestClass1.java:32)
at coverFoxTest.TestClass1.openBrowser(TestClass1.java:32)
at coverFoxTest.TestClass1.openBrowser(TestClass1.java:32)
at coverFoxTest.TestClass1.openBrowser(TestClass1.java:32)
at coverFoxTest.TestClass1.openBrowser(TestClass1.java:32)
at coverFoxTest.TestClass1.openBrowser(TestClass1.java:32)
at coverFoxTest.TestClass1.openBrowser(TestClass1.java:32)
at coverFoxTest.TestClass1.openBrowser(TestClass1.java:32)
at coverFoxTest.TestClass1.openBrowser(TestClass1.java:32)
at coverFoxTest.TestClass1.openBrowser(TestClass1.java:32)
at coverFoxTest.TestClass1.openBrowser(TestClass1.java:32)
at coverFoxTest.TestClass1.openBrowser(TestClass1.java:32)
at coverFoxTest.TestClass1.openBrowser(TestClass1.java:32)
at coverFoxTest.TestClass1.openBrowser(TestClass1.java:32)
at coverFoxTest.TestClass1.openBrowser(TestClass1.java:32)
at coverFoxTest.TestClass1.openBrowser(TestClass1.java:32)
at coverFoxTest.TestClass1.openBrowser(TestClass1.java:32)
at coverFoxTest.TestClass1.openBrowser(TestClass1.java:32)
at coverFoxTest.TestClass1.openBrowser(TestClass1.java:32)
at coverFoxTest.TestClass1.openBrowser(TestClass1.java:32)
at coverFoxTest.TestClass1.openBrowser(TestClass1.java:32)
at coverFoxTest.TestClass1.openBrowser(TestClass1.java:32)
at coverFoxTest.TestClass1.openBrowser(TestClass1.java:32)
at coverFoxTest.TestClass1.openBrowser(TestClass1.java:32)
at coverFoxTest.TestClass1.openBrowser(TestClass1.java:32)
at coverFoxTest.TestClass1.openBrowser(TestClass1.java:32)
at coverFoxTest.TestClass1.openBrowser(TestClass1.java:32)
at coverFoxTest.TestClass1.openBrowser(TestClass1.java:32)
at coverFoxTest.TestClass1.openBrowser(TestClass1.java:32)
at coverFoxTest.TestClass1.openBrowser(TestClass1.java:32)
at coverFoxTest.TestClass1.openBrowser(TestClass1.java:32)
at coverFoxTest.TestClass1.openBrowser(TestClass1.java:32)
at coverFoxTest.TestClass1.openBrowser(TestClass1.java:32)
at coverFoxTest.TestClass1.openBrowser(TestClass1.java:32)
at coverFoxTest.TestClass1.openBrowser(TestClass1.java:32)
at coverFoxTest.TestClass1.openBrowser(TestClass1.java:32)
at coverFoxTest.TestClass1.openBrowser(TestClass1.java:32)
at coverFoxTest.TestClass1.openBrowser(TestClass1.java:32)
at coverFoxTest.TestClass1.openBrowser(TestClass1.java:32)
at coverFoxTest.TestClass1.openBrowser(TestClass1.java:32)
at coverFoxTest.TestClass1.openBrowser(TestClass1.java:32)
at coverFoxTest.TestClass1.openBrowser(TestClass1.java:32)
at coverFoxTest.TestClass1.openBrowser(TestClass1.java:32)
at coverFoxTest.TestClass1.openBrowser(TestClass1.java:32)
at coverFoxTest.TestClass1.openBrowser(TestClass1.java:32)
at coverFoxTest.TestClass1.openBrowser(TestClass1.java:32)
at coverFoxTest.TestClass1.openBrowser(TestClass1.java:32)
at coverFoxTest.TestClass1.openBrowser(TestClass1.java:32)
at coverFoxTest.TestClass1.openBrowser(TestClass1.java:32)
at coverFoxTest.TestClass1.openBrowser(TestClass1.java:32)
at coverFoxTest.TestClass1.openBrowser(TestClass1.java:32)
at coverFoxTest.TestClass1.openBrowser(TestClass1.java:32)
at coverFoxTest.TestClass1.openBrowser(TestClass1.java:32)
at coverFoxTest.TestClass1.openBrowser(TestClass1.java:32)
at coverFoxTest.TestClass1.openBrowser(TestClass1.java:32)
at coverFoxTest.TestClass1.openBrowser(TestClass1.java:32)
at coverFoxTest.TestClass1.openBrowser(TestClass1.java:32)
at coverFoxTest.TestClass1.openBrowser(TestClass1.java:32)
at coverFoxTest.TestClass1.openBrowser(TestClass1.java:32)
at coverFoxTest.TestClass1.openBrowser(TestClass1.java:32)
at coverFoxTest.TestClass1.openBrowser(TestClass1.java:32)
at coverFoxTest.TestClass1.openBrowser(TestClass1.java:32)
at coverFoxTest.TestClass1.openBrowser(TestClass1.java:32)
at coverFoxTest.TestClass1.openBrowser(TestClass1.java:32)
at coverFoxTest.TestClass1.openBrowser(TestClass1.java:32)
at coverFoxTest.TestClass1.openBrowser(TestClass1.java:32)
at coverFoxTest.TestClass1.openBrowser(TestClass1.java:32)
at coverFoxTest.TestClass1.openBrowser(TestClass1.java:32)
at coverFoxTest.TestClass1.openBrowser(TestClass1.java:32)
at coverFoxTest.TestClass1.openBrowser(TestClass1.java:32)
at coverFoxTest.TestClass1.openBrowser(TestClass1.java:32)
at coverFoxTest.TestClass1.openBrowser(TestClass1.java:32)
at coverFoxTest.TestClass1.openBrowser(TestClass1.java:32)
at coverFoxTest.TestClass1.openBrowser(TestClass1.java:32)
at coverFoxTest.TestClass1.openBrowser(TestClass1.java:32)
at coverFoxTest.TestClass1.openBrowser(TestClass1.java:32)
at coverFoxTest.TestClass1.openBrowser(TestClass1.java:32)
at coverFoxTest.TestClass1.openBrowser(TestClass1.java:32)
at coverFoxTest.TestClass1.openBrowser(TestClass1.java:32)
at coverFoxTest.TestClass1.openBrowser(TestClass1.java:32)
at coverFoxTest.TestClass1.openBrowser(TestClass1.java:32)
at coverFoxTest.TestClass1.openBrowser(TestClass1.java:32)
at coverFoxTest.TestClass1.openBrowser(TestClass1.java:32)
at coverFoxTest.TestClass1.openBrowser(TestClass1.java:32)
at coverFoxTest.TestClass1.openBrowser(TestClass1.java:32)
at coverFoxTest.TestClass1.openBrowser(TestClass1.java:32)
at coverFoxTest.TestClass1.openBrowser(TestClass1.java:32)
at coverFoxTest.TestClass1.openBrowser(TestClass1.java:32)
at coverFoxTest.TestClass1.openBrowser(TestClass1.java:32)
at coverFoxTest.TestClass1.openBrowser(TestClass1.java:32)
at coverFoxTest.TestClass1.openBrowser(TestClass1.java:32)
at coverFoxTest.TestClass1.openBrowser(TestClass1.java:32)
at coverFoxTest.TestClass1.openBrowser(TestClass1.java:32)
at coverFoxTest.TestClass1.openBrowser(TestClass1.java:32)
at coverFoxTest.TestClass1.openBrowser(TestClass1.java:32)
at coverFoxTest.TestClass1.openBrowser(TestClass1.java:32)
at coverFoxTest.TestClass1.openBrowser(TestClass1.java:32)
at coverFoxTest.TestClass1.openBrowser(TestClass1.java:32)
at coverFoxTest.TestClass1.openBrowser(TestClass1.java:32)
at coverFoxTest.TestClass1.openBrowser(TestClass1.java:32)
at coverFoxTest.TestClass1.openBrowser(TestClass1.java:32)
at coverFoxTest.TestClass1.openBrowser(TestClass1.java:32)
at coverFoxTest.TestClass1.openBrowser(TestClass1.java:32)
at coverFoxTest.TestClass1.openBrowser(TestClass1.java:32)
at coverFoxTest.TestClass1.openBrowser(TestClass1.java:32)
at coverFoxTest.TestClass1.openBrowser(TestClass1.java:32)
at coverFoxTest.TestClass1.openBrowser(TestClass1.java:32)
at coverFoxTest.TestClass1.openBrowser(TestClass1.java:32)
at coverFoxTest.TestClass1.openBrowser(TestClass1.java:32)
at coverFoxTest.TestClass1.openBrowser(TestClass1.java:32)
at coverFoxTest.TestClass1.openBrowser(TestClass1.java:32)
at coverFoxTest.TestClass1.openBrowser(TestClass1.java:32)
at coverFoxTest.TestClass1.openBrowser(TestClass1.java:32)
at coverFoxTest.TestClass1.openBrowser(TestClass1.java:32)
at coverFoxTest.TestClass1.openBrowser(TestClass1.java:32)
at coverFoxTest.TestClass1.openBrowser(TestClass1.java:32)
at coverFoxTest.TestClass1.openBrowser(TestClass1.java:32)
at coverFoxTest.TestClass1.openBrowser(TestClass1.java:32)
at coverFoxTest.TestClass1.openBrowser(TestClass1.java:32)
at coverFoxTest.TestClass1.openBrowser(TestClass1.java:32)
at coverFoxTest.TestClass1.openBrowser(TestClass1.java:32)
at coverFoxTest.TestClass1.openBrowser(TestClass1.java:32)
at coverFoxTest.TestClass1.openBrowser(TestClass1.java:32)
at coverFoxTest.TestClass1.openBrowser(TestClass1.java:32)
at coverFoxTest.TestClass1.openBrowser(TestClass1.java:32)
at coverFoxTest.TestClass1.openBrowser(TestClass1.java:32)
at coverFoxTest.TestClass1.openBrowser(TestClass1.java:32)
at coverFoxTest.TestClass1.openBrowser(TestClass1.java:32)
at coverFoxTest.TestClass1.openBrowser(TestClass1.java:32)
at coverFoxTest.TestClass1.openBrowser(TestClass1.java:32)
at coverFoxTest.TestClass1.openBrowser(TestClass1.java:32)
at coverFoxTest.TestClass1.openBrowser(TestClass1.java:32)
at coverFoxTest.TestClass1.openBrowser(TestClass1.java:32)
at coverFoxTest.TestClass1.openBrowser(TestClass1.java:32)
at coverFoxTest.TestClass1.openBrowser(TestClass1.java:32)
at coverFoxTest.TestClass1.openBrowser(TestClass1.java:32)
at coverFoxTest.TestClass1.openBrowser(TestClass1.java:32)
at coverFoxTest.TestClass1.openBrowser(TestClass1.java:32)
at coverFoxTest.TestClass1.openBrowser(TestClass1.java:32)
at coverFoxTest.TestClass1.openBrowser(TestClass1.java:32)
at coverFoxTest.TestClass1.openBrowser(TestClass1.java:32)
at coverFoxTest.TestClass1.openBrowser(TestClass1.java:32)
at coverFoxTest.TestClass1.openBrowser(TestClass1.java:32)
at coverFoxTest.TestClass1.openBrowser(TestClass1.java:32)
at coverFoxTest.TestClass1.openBrowser(TestClass1.java:32)
at coverFoxTest.TestClass1.openBrowser(TestClass1.java:32)
at coverFoxTest.TestClass1.openBrowser(TestClass1.java:32)
at coverFoxTest.TestClass1.openBrowser(TestClass1.java:32)
at coverFoxTest.TestClass1.openBrowser(TestClass1.java:32)
at coverFoxTest.TestClass1.openBrowser(TestClass1.java:32)
at coverFoxTest.TestClass1.openBrowser(TestClass1.java:32)
at coverFoxTest.TestClass1.openBrowser(TestClass1.java:32)
at coverFoxTest.TestClass1.openBrowser(TestClass1.java:32)
at coverFoxTest.TestClass1.openBrowser(TestClass1.java:32)
at coverFoxTest.TestClass1.openBrowser(TestClass1.java:32)
at coverFoxTest.TestClass1.openBrowser(TestClass1.java:32)
at coverFoxTest.TestClass1.openBrowser(TestClass1.java:32)
at coverFoxTest.TestClass1.openBrowser(TestClass1.java:32)
at coverFoxTest.TestClass1.openBrowser(TestClass1.java:32)
at coverFoxTest.TestClass1.openBrowser(TestClass1.java:32)
at coverFoxTest.TestClass1.openBrowser(TestClass1.java:32)
at coverFoxTest.TestClass1.openBrowser(TestClass1.java:32)
at coverFoxTest.TestClass1.openBrowser(TestClass1.java:32)
at coverFoxTest.TestClass1.openBrowser(TestClass1.java:32)
at coverFoxTest.TestClass1.openBrowser(TestClass1.java:32)
at coverFoxTest.TestClass1.openBrowser(TestClass1.java:32)
at coverFoxTest.TestClass1.openBrowser(TestClass1.java:32)
at coverFoxTest.TestClass1.openBrowser(TestClass1.java:32)
at coverFoxTest.TestClass1.openBrowser(TestClass1.java:32)
at coverFoxTest.TestClass1.openBrowser(TestClass1.java:32)
at coverFoxTest.TestClass1.openBrowser(TestClass1.java:32)
at coverFoxTest.TestClass1.openBrowser(TestClass1.java:32)
at coverFoxTest.TestClass1.openBrowser(TestClass1.java:32)
at coverFoxTest.TestClass1.openBrowser(TestClass1.java:32)
at coverFoxTest.TestClass1.openBrowser(TestClass1.java:32)
at coverFoxTest.TestClass1.openBrowser(TestClass1.java:32)
at coverFoxTest.TestClass1.openBrowser(TestClass1.java:32)
at coverFoxTest.TestClass1.openBrowser(TestClass1.java:32)
at coverFoxTest.TestClass1.openBrowser(TestClass1.java:32)
at coverFoxTest.TestClass1.openBrowser(TestClass1.java:32)
at coverFoxTest.TestClass1.openBrowser(TestClass1.java:32)
at coverFoxTest.TestClass1.openBrowser(TestClass1.java:32)
at coverFoxTest.TestClass1.openBrowser(TestClass1.java:32)
at coverFoxTest.TestClass1.openBrowser(TestClass1.java:32)
at coverFoxTest.TestClass1.openBrowser(TestClass1.java:32)
at coverFoxTest.TestClass1.openBrowser(TestClass1.java:32)
at coverFoxTest.TestClass1.openBrowser(TestClass1.java:32)
at coverFoxTest.TestClass1.openBrowser(TestClass1.java:32)
at coverFoxTest.TestClass1.openBrowser(TestClass1.java:32)
at coverFoxTest.TestClass1.openBrowser(TestClass1.java:32)
at coverFoxTest.TestClass1.openBrowser(TestClass1.java:32)
at coverFoxTest.TestClass1.openBrowser(TestClass1.java:32)
at coverFoxTest.TestClass1.openBrowser(TestClass1.java:32)
at coverFoxTest.TestClass1.openBrowser(TestClass1.java:32)
at coverFoxTest.TestClass1.openBrowser(TestClass1.java:32)
at coverFoxTest.TestClass1.openBrowser(TestClass1.java:32)
at coverFoxTest.TestClass1.openBrowser(TestClass1.java:32)
at coverFoxTest.TestClass1.openBrowser(TestClass1.java:32)
at coverFoxTest.TestClass1.openBrowser(TestClass1.java:32)
at coverFoxTest.TestClass1.openBrowser(TestClass1.java:32)
at coverFoxTest.TestClass1.openBrowser(TestClass1.java:32)
at coverFoxTest.TestClass1.openBrowser(TestClass1.java:32)
at coverFoxTest.TestClass1.openBrowser(TestClass1.java:32)
at coverFoxTest.TestClass1.openBrowser(TestClass1.java:32)
at coverFoxTest.TestClass1.openBrowser(TestClass1.java:32)
at coverFoxTest.TestClass1.openBrowser(TestClass1.java:32)
at coverFoxTest.TestClass1.openBrowser(TestClass1.java:32)
at coverFoxTest.TestClass1.openBrowser(TestClass1.java:32)
at coverFoxTest.TestClass1.openBrowser(TestClass1.java:32)
at coverFoxTest.TestClass1.openBrowser(TestClass1.java:32)
at coverFoxTest.TestClass1.openBrowser(TestClass1.java:32)
at coverFoxTest.TestClass1.openBrowser(TestClass1.java:32)
at coverFoxTest.TestClass1.openBrowser(TestClass1.java:32)
at coverFoxTest.TestClass1.openBrowser(TestClass1.java:32)
at coverFoxTest.TestClass1.openBrowser(TestClass1.java:32)
at coverFoxTest.TestClass1.openBrowser(TestClass1.java:32)
at coverFoxTest.TestClass1.openBrowser(TestClass1.java:32)
at coverFoxTest.TestClass1.openBrowser(TestClass1.java:32)
at coverFoxTest.TestClass1.openBrowser(TestClass1.java:32)
at coverFoxTest.TestClass1.openBrowser(TestClass1.java:32)
at coverFoxTest.TestClass1.openBrowser(TestClass1.java:32)
at coverFoxTest.TestClass1.openBrowser(TestClass1.java:32)
at coverFoxTest.TestClass1.openBrowser(TestClass1.java:32)
at coverFoxTest.TestClass1.openBrowser(TestClass1.java:32)
at coverFoxTest.TestClass1.openBrowser(TestClass1.java:32)
at coverFoxTest.TestClass1.openBrowser(TestClass1.java:32)
at coverFoxTest.TestClass1.openBrowser(TestClass1.java:32)
at coverFoxTest.TestClass1.openBrowser(TestClass1.java:32)
at coverFoxTest.TestClass1.openBrowser(TestClass1.java:32)
at coverFoxTest.TestClass1.openBrowser(TestClass1.java:32)
at coverFoxTest.TestClass1.openBrowser(TestClass1.java:32)
at coverFoxTest.TestClass1.openBrowser(TestClass1.java:32)
at coverFoxTest.TestClass1.openBrowser(TestClass1.java:32)
at coverFoxTest.TestClass1.openBrowser(TestClass1.java:32)
at coverFoxTest.TestClass1.openBrowser(TestClass1.java:32)
at coverFoxTest.TestClass1.openBrowser(TestClass1.java:32)
at coverFoxTest.TestClass1.openBrowser(TestClass1.java:32)
at coverFoxTest.TestClass1.openBrowser(TestClass1.java:32)
at coverFoxTest.TestClass1.openBrowser(TestClass1.java:32)
at coverFoxTest.TestClass1.openBrowser(TestClass1.java:32)
at coverFoxTest.TestClass1.openBrowser(TestClass1.java:32)
at coverFoxTest.TestClass1.openBrowser(TestClass1.java:32)
at coverFoxTest.TestClass1.openBrowser(TestClass1.java:32)
at coverFoxTest.TestClass1.openBrowser(TestClass1.java:32)
at coverFoxTest.TestClass1.openBrowser(TestClass1.java:32)
at coverFoxTest.TestClass1.openBrowser(TestClass1.java:32)
at coverFoxTest.TestClass1.openBrowser(TestClass1.java:32)
at coverFoxTest.TestClass1.openBrowser(TestClass1.java:32)
at coverFoxTest.TestClass1.openBrowser(TestClass1.java:32)
at coverFoxTest.TestClass1.openBrowser(TestClass1.java:32)
at coverFoxTest.TestClass1.openBrowser(TestClass1.java:32)
at coverFoxTest.TestClass1.openBrowser(TestClass1.java:32)
at coverFoxTest.TestClass1.openBrowser(TestClass1.java:32)
at coverFoxTest.TestClass1.openBrowser(TestClass1.java:32)
at coverFoxTest.TestClass1.openBrowser(TestClass1.java:32)
at coverFoxTest.TestClass1.openBrowser(TestClass1.java:32)
at coverFoxTest.TestClass1.openBrowser(TestClass1.java:32)
at coverFoxTest.TestClass1.openBrowser(TestClass1.java:32)
at coverFoxTest.TestClass1.openBrowser(TestClass1.java:32)
at coverFoxTest.TestClass1.openBrowser(TestClass1.java:32)
at coverFoxTest.TestClass1.openBrowser(TestClass1.java:32)
at coverFoxTest.TestClass1.openBrowser(TestClass1.java:32)
at coverFoxTest.TestClass1.openBrowser(TestClass1.java:32)
at coverFoxTest.TestClass1.openBrowser(TestClass1.java:32)
at coverFoxTest.TestClass1.openBrowser(TestClass1.java:32)
at coverFoxTest.TestClass1.openBrowser(TestClass1.java:32)
at coverFoxTest.TestClass1.openBrowser(TestClass1.java:32)
at coverFoxTest.TestClass1.openBrowser(TestClass1.java:32)
at coverFoxTest.TestClass1.openBrowser(TestClass1.java:32)
at coverFoxTest.TestClass1.openBrowser(TestClass1.java:32)
at coverFoxTest.TestClass1.openBrowser(TestClass1.java:32)
at coverFoxTest.TestClass1.openBrowser(TestClass1.java:32)
at coverFoxTest.TestClass1.openBrowser(TestClass1.java:32)
at coverFoxTest.TestClass1.openBrowser(TestClass1.java:32)
at coverFoxTest.TestClass1.openBrowser(TestClass1.java:32)
at coverFoxTest.TestClass1.openBrowser(TestClass1.java:32)
at coverFoxTest.TestClass1.openBrowser(TestClass1.java:32)
at coverFoxTest.TestClass1.openBrowser(TestClass1.java:32)
at coverFoxTest.TestClass1.openBrowser(TestClass1.java:32)
at coverFoxTest.TestClass1.openBrowser(TestClass1.java:32)
at coverFoxTest.TestClass1.openBrowser(TestClass1.java:32)
at coverFoxTest.TestClass1.openBrowser(TestClass1.java:32)
at coverFoxTest.TestClass1.openBrowser(TestClass1.java:32)
at coverFoxTest.TestClass1.openBrowser(TestClass1.java:32)
at coverFoxTest.TestClass1.openBrowser(TestClass1.java:32)
at coverFoxTest.TestClass1.openBrowser(TestClass1.java:32)
at coverFoxTest.TestClass1.openBrowser(TestClass1.java:32)
at coverFoxTest.TestClass1.openBrowser(TestClass1.java:32)
at coverFoxTest.TestClass1.openBrowser(TestClass1.java:32)
at coverFoxTest.TestClass1.openBrowser(TestClass1.java:32)
at coverFoxTest.TestClass1.openBrowser(TestClass1.java:32)
at coverFoxTest.TestClass1.openBrowser(TestClass1.java:32)
at coverFoxTest.TestClass1.openBrowser(TestClass1.java:32)
at coverFoxTest.TestClass1.openBrowser(TestClass1.java:32)
at coverFoxTest.TestClass1.openBrowser(TestClass1.java:32)
at coverFoxTest.TestClass1.openBrowser(TestClass1.java:32)
at coverFoxTest.TestClass1.openBrowser(TestClass1.java:32)
at coverFoxTest.TestClass1.openBrowser(TestClass1.java:32)
at coverFoxTest.TestClass1.openBrowser(TestClass1.java:32)
at coverFoxTest.TestClass1.openBrowser(TestClass1.java:32)
at coverFoxTest.TestClass1.openBrowser(TestClass1.java:32)
at coverFoxTest.TestClass1.openBrowser(TestClass1.java:32)
at coverFoxTest.TestClass1.openBrowser(TestClass1.java:32)
at coverFoxTest.TestClass1.openBrowser(TestClass1.java:32)
at coverFoxTest.TestClass1.openBrowser(TestClass1.java:32)
at coverFoxTest.TestClass1.openBrowser(TestClass1.java:32)
at coverFoxTest.TestClass1.openBrowser(TestClass1.java:32)
at coverFoxTest.TestClass1.openBrowser(TestClass1.java:32)
at coverFoxTest.TestClass1.openBrowser(TestClass1.java:32)
at coverFoxTest.TestClass1.openBrowser(TestClass1.java:32)
at coverFoxTest.TestClass1.openBrowser(TestClass1.java:32)
at coverFoxTest.TestClass1.openBrowser(TestClass1.java:32)
at coverFoxTest.TestClass1.openBrowser(TestClass1.java:32)
at coverFoxTest.TestClass1.openBrowser(TestClass1.java:32)
at coverFoxTest.TestClass1.openBrowser(TestClass1.java:32)
at coverFoxTest.TestClass1.openBrowser(TestClass1.java:32)
at coverFoxTest.TestClass1.openBrowser(TestClass1.java:32)
at coverFoxTest.TestClass1.openBrowser(TestClass1.java:32)
at coverFoxTest.TestClass1.openBrowser(TestClass1.java:32)
at coverFoxTest.TestClass1.openBrowser(TestClass1.java:32)
at coverFoxTest.TestClass1.openBrowser(TestClass1.java:32)
at coverFoxTest.TestClass1.openBrowser(TestClass1.java:32)
at coverFoxTest.TestClass1.openBrowser(TestClass1.java:32)
at coverFoxTest.TestClass1.openBrowser(TestClass1.java:32)
at coverFoxTest.TestClass1.openBrowser(TestClass1.java:32)
at coverFoxTest.TestClass1.openBrowser(TestClass1.java:32)
at coverFoxTest.TestClass1.openBrowser(TestClass1.java:32)
at coverFoxTest.TestClass1.openBrowser(TestClass1.java:32)
at coverFoxTest.TestClass1.openBrowser(TestClass1.java:32)
at coverFoxTest.TestClass1.openBrowser(TestClass1.java:32)
at coverFoxTest.TestClass1.openBrowser(TestClass1.java:32)
at coverFoxTest.TestClass1.openBrowser(TestClass1.java:32)
at coverFoxTest.TestClass1.openBrowser(TestClass1.java:32)
at coverFoxTest.TestClass1.openBrowser(TestClass1.java:32)
at coverFoxTest.TestClass1.openBrowser(TestClass1.java:32)
at coverFoxTest.TestClass1.openBrowser(TestClass1.java:32)
at coverFoxTest.TestClass1.openBrowser(TestClass1.java:32)
at coverFoxTest.TestClass1.openBrowser(TestClass1.java:32)
at coverFoxTest.TestClass1.openBrowser(TestClass1.java:32)
at coverFoxTest.TestClass1.openBrowser(TestClass1.java:32)
at coverFoxTest.TestClass1.openBrowser(TestClass1.java:32)
at coverFoxTest.TestClass1.openBrowser(TestClass1.java:32)
at coverFoxTest.TestClass1.openBrowser(TestClass1.java:32)
at coverFoxTest.TestClass1.openBrowser(TestClass1.java:32)
at coverFoxTest.TestClass1.openBrowser(TestClass1.java:32)
at coverFoxTest.TestClass1.openBrowser(TestClass1.java:32)
at coverFoxTest.TestClass1.openBrowser(TestClass1.java:32)
at coverFoxTest.TestClass1.openBrowser(TestClass1.java:32)
at coverFoxTest.TestClass1.openBrowser(TestClass1.java:32)
at coverFoxTest.TestClass1.openBrowser(TestClass1.java:32)
at coverFoxTest.TestClass1.openBrowser(TestClass1.java:32)
at coverFoxTest.TestClass1.openBrowser(TestClass1.java:32)
at coverFoxTest.TestClass1.openBrowser(TestClass1.java:32)
at coverFoxTest.TestClass1.openBrowser(TestClass1.java:32)
at coverFoxTest.TestClass1.openBrowser(TestClass1.java:32)
at coverFoxTest.TestClass1.openBrowser(TestClass1.java:32)
at coverFoxTest.TestClass1.openBrowser(TestClass1.java:32)
at coverFoxTest.TestClass1.openBrowser(TestClass1.java:32)
at coverFoxTest.TestClass1.openBrowser(TestClass1.java:32)
at coverFoxTest.TestClass1.openBrowser(TestClass1.java:32)
at coverFoxTest.TestClass1.openBrowser(TestClass1.java:32)
at coverFoxTest.TestClass1.openBrowser(TestClass1.java:32)
at coverFoxTest.TestClass1.openBrowser(TestClass1.java:32)
at coverFoxTest.TestClass1.openBrowser(TestClass1.java:32)
at coverFoxTest.TestClass1.openBrowser(TestClass1.java:32)
at coverFoxTest.TestClass1.openBrowser(TestClass1.java:32)
at coverFoxTest.TestClass1.openBrowser(TestClass1.java:32)
at coverFoxTest.TestClass1.openBrowser(TestClass1.java:32)
at coverFoxTest.TestClass1.openBrowser(TestClass1.java:32)
at coverFoxTest.TestClass1.openBrowser(TestClass1.java:32)
at coverFoxTest.TestClass1.openBrowser(TestClass1.java:32)
at coverFoxTest.TestClass1.openBrowser(TestClass1.java:32)
at coverFoxTest.TestClass1.openBrowser(TestClass1.java:32)
at coverFoxTest.TestClass1.openBrowser(TestClass1.java:32)
at coverFoxTest.TestClass1.openBrowser(TestClass1.java:32)
at coverFoxTest.TestClass1.openBrowser(TestClass1.java:32)
at coverFoxTest.TestClass1.openBrowser(TestClass1.java:32)
at coverFoxTest.TestClass1.openBrowser(TestClass1.java:32)
at coverFoxTest.TestClass1.openBrowser(TestClass1.java:32)
at coverFoxTest.TestClass1.openBrowser(TestClass1.java:32)
at coverFoxTest.TestClass1.openBrowser(TestClass1.java:32)
at coverFoxTest.TestClass1.openBrowser(TestClass1.java:32)
at coverFoxTest.TestClass1.openBrowser(TestClass1.java:32)
at coverFoxTest.TestClass1.openBrowser(TestClass1.java:32)
at coverFoxTest.TestClass1.openBrowser(TestClass1.java:32)
at coverFoxTest.TestClass1.openBrowser(TestClass1.java:32)
at coverFoxTest.TestClass1.openBrowser(TestClass1.java:32)
at coverFoxTest.TestClass1.openBrowser(TestClass1.java:32)
at coverFoxTest.TestClass1.openBrowser(TestClass1.java:32)
at coverFoxTest.TestClass1.openBrowser(TestClass1.java:32)
at coverFoxTest.TestClass1.openBrowser(TestClass1.java:32)
at coverFoxTest.TestClass1.openBrowser(TestClass1.java:32)
at coverFoxTest.TestClass1.openBrowser(TestClass1.java:32)
at coverFoxTest.TestClass1.openBrowser(TestClass1.java:32)
at coverFoxTest.TestClass1.openBrowser(TestClass1.java:32)
at coverFoxTest.TestClass1.openBrowser(TestClass1.java:32)
at coverFoxTest.TestClass1.openBrowser(TestClass1.java:32)
at coverFoxTest.TestClass1.openBrowser(TestClass1.java:32)
at coverFoxTest.TestClass1.openBrowser(TestClass1.java:32)
at coverFoxTest.TestClass1.openBrowser(TestClass1.java:32)
at coverFoxTest.TestClass1.openBrowser(TestClass1.java:32)
at coverFoxTest.TestClass1.openBrowser(TestClass1.java:32)
at coverFoxTest.TestClass1.openBrowser(TestClass1.java:32)
at coverFoxTest.TestClass1.openBrowser(TestClass1.java:32)
at coverFoxTest.TestClass1.openBrowser(TestClass1.java:32)
at coverFoxTest.TestClass1.openBrowser(TestClass1.java:32)
at coverFoxTest.TestClass1.openBrowser(TestClass1.java:32)
at coverFoxTest.TestClass1.openBrowser(TestClass1.java:32)
at coverFoxTest.TestClass1.openBrowser(TestClass1.java:32)
at coverFoxTest.TestClass1.openBrowser(TestClass1.java:32)
at coverFoxTest.TestClass1.openBrowser(TestClass1.java:32)
at coverFoxTest.TestClass1.openBrowser(TestClass1.java:32)
at coverFoxTest.TestClass1.openBrowser(TestClass1.java:32)
at coverFoxTest.TestClass1.openBrowser(TestClass1.java:32)
at coverFoxTest.TestClass1.openBrowser(TestClass1.java:32)
at coverFoxTest.TestClass1.openBrowser(TestClass1.java:32)
at coverFoxTest.TestClass1.openBrowser(TestClass1.java:32)
at coverFoxTest.TestClass1.openBrowser(TestClass1.java:32)
at coverFoxTest.TestClass1.openBrowser(TestClass1.java:32)
at coverFoxTest.TestClass1.openBrowser(TestClass1.java:32)
at coverFoxTest.TestClass1.openBrowser(TestClass1.java:32)
at coverFoxTest.TestClass1.openBrowser(TestClass1.java:32)
at coverFoxTest.TestClass1.openBrowser(TestClass1.java:32)
at coverFoxTest.TestClass1.openBrowser(TestClass1.java:32)
at coverFoxTest.TestClass1.openBrowser(TestClass1.java:32)
at coverFoxTest.TestClass1.openBrowser(TestClass1.java:32)
at coverFoxTest.TestClass1.openBrowser(TestClass1.java:32)
at coverFoxTest.TestClass1.openBrowser(TestClass1.java:32)
at coverFoxTest.TestClass1.openBrowser(TestClass1.java:32)
at coverFoxTest.TestClass1.openBrowser(TestClass1.java:32)
at coverFoxTest.TestClass1.openBrowser(TestClass1.java:32)
at coverFoxTest.TestClass1.openBrowser(TestClass1.java:32)
at coverFoxTest.TestClass1.openBrowser(TestClass1.java:32)
at coverFoxTest.TestClass1.openBrowser(TestClass1.java:32)
at coverFoxTest.TestClass1.openBrowser(TestClass1.java:32)
at coverFoxTest.TestClass1.openBrowser(TestClass1.java:32)
at coverFoxTest.TestClass1.openBrowser(TestClass1.java:32)
at coverFoxTest.TestClass1.openBrowser(TestClass1.java:32)
at coverFoxTest.TestClass1.openBrowser(TestClass1.java:32)
at coverFoxTest.TestClass1.openBrowser(TestClass1.java:32)
at coverFoxTest.TestClass1.openBrowser(TestClass1.java:32)
at coverFoxTest.TestClass1.openBrowser(TestClass1.java:32)
at coverFoxTest.TestClass1.openBrowser(TestClass1.java:32)
at coverFoxTest.TestClass1.openBrowser(TestClass1.java:32)
at coverFoxTest.TestClass1.openBrowser(TestClass1.java:32)
at coverFoxTest.TestClass1.openBrowser(TestClass1.java:32)
at coverFoxTest.TestClass1.openBrowser(TestClass1.java:32)
at coverFoxTest.TestClass1.openBrowser(TestClass1.java:32)
at coverFoxTest.TestClass1.openBrowser(TestClass1.java:32)
at coverFoxTest.TestClass1.openBrowser(TestClass1.java:32)
at coverFoxTest.TestClass1.openBrowser(TestClass1.java:32)
at coverFoxTest.TestClass1.openBrowser(TestClass1.java:32)
at coverFoxTest.TestClass1.openBrowser(TestClass1.java:32)
at coverFoxTest.TestClass1.openBrowser(TestClass1.java:32)
at coverFoxTest.TestClass1.openBrowser(TestClass1.java:32)
at coverFoxTest.TestClass1.openBrowser(TestClass1.java:32)
at coverFoxTest.TestClass1.openBrowser(TestClass1.java:32)
at coverFoxTest.TestClass1.openBrowser(TestClass1.java:32)
at coverFoxTest.TestClass1.openBrowser(TestClass1.java:32)
at coverFoxTest.TestClass1.openBrowser(TestClass1.java:32)
at coverFoxTest.TestClass1.openBrowser(TestClass1.java:32)
at coverFoxTest.TestClass1.openBrowser(TestClass1.java:32)
at coverFoxTest.TestClass1.openBrowser(TestClass1.java:32)
at coverFoxTest.TestClass1.openBrowser(TestClass1.java:32)
at coverFoxTest.TestClass1.openBrowser(TestClass1.java:32)
at coverFoxTest.TestClass1.openBrowser(TestClass1.java:32)
at coverFoxTest.TestClass1.openBrowser(TestClass1.java:32)
at coverFoxTest.TestClass1.openBrowser(TestClass1.java:32)
at coverFoxTest.TestClass1.openBrowser(TestClass1.java:32)
at coverFoxTest.TestClass1.openBrowser(TestClass1.java:32)
at coverFoxTest.TestClass1.openBrowser(TestClass1.java:32)
at coverFoxTest.TestClass1.openBrowser(TestClass1.java:32)
at coverFoxTest.TestClass1.openBrowser(TestClass1.java:32)
at coverFoxTest.TestClass1.openBrowser(TestClass1.java:32)
at coverFoxTest.TestClass1.openBrowser(TestClass1.java:32)
at coverFoxTest.TestClass1.openBrowser(TestClass1.java:32)
at coverFoxTest.TestClass1.openBrowser(TestClass1.java:32)
at coverFoxTest.TestClass1.openBrowser(TestClass1.java:32)
at coverFoxTest.TestClass1.openBrowser(TestClass1.java:32)
at coverFoxTest.TestClass1.openBrowser(TestClass1.java:32)
at coverFoxTest.TestClass1.openBrowser(TestClass1.java:32)
at coverFoxTest.TestClass1.openBrowser(TestClass1.java:32)
at coverFoxTest.TestClass1.openBrowser(TestClass1.java:32)
at coverFoxTest.TestClass1.openBrowser(TestClass1.java:32)
at coverFoxTest.TestClass1.openBrowser(TestClass1.java:32)
at coverFoxTest.TestClass1.openBrowser(TestClass1.java:32)
at coverFoxTest.TestClass1.openBrowser(TestClass1.java:32)
at coverFoxTest.TestClass1.openBrowser(TestClass1.java:32)
at coverFoxTest.TestClass1.openBrowser(TestClass1.java:32)
at coverFoxTest.TestClass1.openBrowser(TestClass1.java:32)
at coverFoxTest.TestClass1.openBrowser(TestClass1.java:32)
at coverFoxTest.TestClass1.openBrowser(TestClass1.java:32)
at coverFoxTest.TestClass1.openBrowser(TestClass1.java:32)
at coverFoxTest.TestClass1.openBrowser(TestClass1.java:32)
at coverFoxTest.TestClass1.openBrowser(TestClass1.java:32)
at coverFoxTest.TestClass1.openBrowser(TestClass1.java:32)
at coverFoxTest.TestClass1.openBrowser(TestClass1.java:32)
at coverFoxTest.TestClass1.openBrowser(TestClass1.java:32)
at coverFoxTest.TestClass1.openBrowser(TestClass1.java:32)
at coverFoxTest.TestClass1.openBrowser(TestClass1.java:32)
at coverFoxTest.TestClass1.openBrowser(TestClass1.java:32)
at coverFoxTest.TestClass1.openBrowser(TestClass1.java:32)
at coverFoxTest.TestClass1.openBrowser(TestClass1.java:32)
at coverFoxTest.TestClass1.openBrowser(TestClass1.java:32)
at coverFoxTest.TestClass1.openBrowser(TestClass1.java:32)
at coverFoxTest.TestClass1.openBrowser(TestClass1.java:32)
at coverFoxTest.TestClass1.openBrowser(TestClass1.java:32)
at coverFoxTest.TestClass1.openBrowser(TestClass1.java:32)
at coverFoxTest.TestClass1.openBrowser(TestClass1.java:32)
at coverFoxTest.TestClass1.openBrowser(TestClass1.java:32)
at coverFoxTest.TestClass1.openBrowser(TestClass1.java:32)
at coverFoxTest.TestClass1.openBrowser(TestClass1.java:32)
at coverFoxTest.TestClass1.openBrowser(TestClass1.java:32)
at coverFoxTest.TestClass1.openBrowser(TestClass1.java:32)
at coverFoxTest.TestClass1.openBrowser(TestClass1.java:32)
at coverFoxTest.TestClass1.openBrowser(TestClass1.java:32)
at coverFoxTest.TestClass1.openBrowser(TestClass1.java:32)
at coverFoxTest.TestClass1.openBrowser(TestClass1.java:32)
at coverFoxTest.TestClass1.openBrowser(TestClass1.java:32)
at coverFoxTest.TestClass1.openBrowser(TestClass1.java:32)
at coverFoxTest.TestClass1.openBrowser(TestClass1.java:32)
at coverFoxTest.TestClass1.openBrowser(TestClass1.java:32)
at coverFoxTest.TestClass1.openBrowser(TestClass1.java:32)
at coverFoxTest.TestClass1.openBrowser(TestClass1.java:32)
at coverFoxTest.TestClass1.openBrowser(TestClass1.java:32)
at coverFoxTest.TestClass1.openBrowser(TestClass1.java:32)
at coverFoxTest.TestClass1.openBrowser(TestClass1.java:32)
at coverFoxTest.TestClass1.openBrowser(TestClass1.java:32)
at coverFoxTest.TestClass1.openBrowser(TestClass1.java:32)
at coverFoxTest.TestClass1.openBrowser(TestClass1.java:32)
at coverFoxTest.TestClass1.openBrowser(TestClass1.java:32)
at coverFoxTest.TestClass1.openBrowser(TestClass1.java:32)
at coverFoxTest.TestClass1.openBrowser(TestClass1.java:32)
at coverFoxTest.TestClass1.openBrowser(TestClass1.java:32)
at coverFoxTest.TestClass1.openBrowser(TestClass1.java:32)
at coverFoxTest.TestClass1.openBrowser(TestClass1.java:32)
at coverFoxTest.TestClass1.openBrowser(TestClass1.java:32)
at coverFoxTest.TestClass1.openBrowser(TestClass1.java:32)
at coverFoxTest.TestClass1.openBrowser(TestClass1.java:32)
at coverFoxTest.TestClass1.openBrowser(TestClass1.java:32)
at coverFoxTest.TestClass1.openBrowser(TestClass1.java:32)
at coverFoxTest.TestClass1.openBrowser(TestClass1.java:32)
at coverFoxTest.TestClass1.openBrowser(TestClass1.java:32)
at coverFoxTest.TestClass1.openBrowser(TestClass1.java:32)
at coverFoxTest.TestClass1.openBrowser(TestClass1.java:32)
at coverFoxTest.TestClass1.openBrowser(TestClass1.java:32)
at coverFoxTest.TestClass1.openBrowser(TestClass1.java:32)
at coverFoxTest.TestClass1.openBrowser(TestClass1.java:32)
at coverFoxTest.TestClass1.openBrowser(TestClass1.java:32)
at coverFoxTest.TestClass1.openBrowser(TestClass1.java:32)
at coverFoxTest.TestClass1.openBrowser(TestClass1.java:32)
at coverFoxTest.TestClass1.openBrowser(TestClass1.java:32)
at coverFoxTest.TestClass1.openBrowser(TestClass1.java:32)
at coverFoxTest.TestClass1.openBrowser(TestClass1.java:32)
at coverFoxTest.TestClass1.openBrowser(TestClass1.java:32)
at coverFoxTest.TestClass1.openBrowser(TestClass1.java:32)
at coverFoxTest.TestClass1.openBrowser(TestClass1.java:32)
at coverFoxTest.TestClass1.openBrowser(TestClass1.java:32)
at coverFoxTest.TestClass1.openBrowser(TestClass1.java:32)
at coverFoxTest.TestClass1.openBrowser(TestClass1.java:32)
at coverFoxTest.TestClass1.openBrowser(TestClass1.java:32)
at coverFoxTest.TestClass1.openBrowser(TestClass1.java:32)
at coverFoxTest.TestClass1.openBrowser(TestClass1.java:32)
at coverFoxTest.TestClass1.openBrowser(TestClass1.java:32)
at coverFoxTest.TestClass1.openBrowser(TestClass1.java:32)
at coverFoxTest.TestClass1.openBrowser(TestClass1.java:32)
at coverFoxTest.TestClass1.openBrowser(TestClass1.java:32)
at coverFoxTest.TestClass1.openBrowser(TestClass1.java:32)
at coverFoxTest.TestClass1.openBrowser(TestClass1.java:32)
at coverFoxTest.TestClass1.openBrowser(TestClass1.java:32)
at coverFoxTest.TestClass1.openBrowser(TestClass1.java:32)
at coverFoxTest.TestClass1.openBrowser(TestClass1.java:32)
at coverFoxTest.TestClass1.openBrowser(TestClass1.java:32)
at coverFoxTest.TestClass1.openBrowser(TestClass1.java:32)
at coverFoxTest.TestClass1.openBrowser(TestClass1.java:32)
at coverFoxTest.TestClass1.openBrowser(TestClass1.java:32)
at coverFoxTest.TestClass1.openBrowser(TestClass1.java:32)
at coverFoxTest.TestClass1.openBrowser(TestClass1.java:32)
at coverFoxTest.TestClass1.openBrowser(TestClass1.java:32)
at coverFoxTest.TestClass1.openBrowser(TestClass1.java:32)
at coverFoxTest.TestClass1.openBrowser(TestClass1.java:32)
at coverFoxTest.TestClass1.openBrowser(TestClass1.java:32)
at coverFoxTest.TestClass1.openBrowser(TestClass1.java:32)
at coverFoxTest.TestClass1.openBrowser(TestClass1.java:32)
at coverFoxTest.TestClass1.openBrowser(TestClass1.java:32)
at coverFoxTest.TestClass1.openBrowser(TestClass1.java:32)
at coverFoxTest.TestClass1.openBrowser(TestClass1.java:32)
at coverFoxTest.TestClass1.openBrowser(TestClass1.java:32)
at coverFoxTest.TestClass1.openBrowser(TestClass1.java:32)
at coverFoxTest.TestClass1.openBrowser(TestClass1.java:32)
at coverFoxTest.TestClass1.openBrowser(TestClass1.java:32)
at coverFoxTest.TestClass1.openBrowser(TestClass1.java:32)
at coverFoxTest.TestClass1.openBrowser(TestClass1.java:32)
at coverFoxTest.TestClass1.openBrowser(TestClass1.java:32)
at coverFoxTest.TestClass1.openBrowser(TestClass1.java:32)
at coverFoxTest.TestClass1.openBrowser(TestClass1.java:32)
at coverFoxTest.TestClass1.openBrowser(TestClass1.java:32)
at coverFoxTest.TestClass1.openBrowser(TestClass1.java:32)
at coverFoxTest.TestClass1.openBrowser(TestClass1.java:32)
at coverFoxTest.TestClass1.openBrowser(TestClass1.java:32)
at coverFoxTest.TestClass1.openBrowser(TestClass1.java:32)
at coverFoxTest.TestClass1.openBrowser(TestClass1.java:32)
at coverFoxTest.TestClass1.openBrowser(TestClass1.java:32)
at coverFoxTest.TestClass1.openBrowser(TestClass1.java:32)
at coverFoxTest.TestClass1.openBrowser(TestClass1.java:32)
at coverFoxTest.TestClass1.openBrowser(TestClass1.java:32)
at coverFoxTest.TestClass1.openBrowser(TestClass1.java:32)
at coverFoxTest.TestClass1.openBrowser(TestClass1.java:32)
at coverFoxTest.TestClass1.openBrowser(TestClass1.java:32)
at coverFoxTest.TestClass1.openBrowser(TestClass1.java:32)
at coverFoxTest.TestClass1.openBrowser(TestClass1.java:32)
at coverFoxTest.TestClass1.openBrowser(TestClass1.java:32)
at coverFoxTest.TestClass1.openBrowser(TestClass1.java:32)
at coverFoxTest.TestClass1.openBrowser(TestClass1.java:32)
at coverFoxTest.TestClass1.openBrowser(TestClass1.java:32)
at coverFoxTest.TestClass1.openBrowser(TestClass1.java:32)
at coverFoxTest.TestClass1.openBrowser(TestClass1.java:32)
at coverFoxTest.TestClass1.openBrowser(TestClass1.java:32)
at coverFoxTest.TestClass1.openBrowser(TestClass1.java:32)
at coverFoxTest.TestClass1.openBrowser(TestClass1.java:32)
at coverFoxTest.TestClass1.openBrowser(TestClass1.java:32)
at coverFoxTest.TestClass1.openBrowser(TestClass1.java:32)
at coverFoxTest.TestClass1.openBrowser(TestClass1.java:32)
at coverFoxTest.TestClass1.openBrowser(TestClass1.java:32)
at coverFoxTest.TestClass1.openBrowser(TestClass1.java:32)
at coverFoxTest.TestClass1.openBrowser(TestClass1.java:32)
at coverFoxTest.TestClass1.openBrowser(TestClass1.java:32)
at coverFoxTest.TestClass1.openBrowser(TestClass1.java:32)
at coverFoxTest.TestClass1.openBrowser(TestClass1.java:32)
at coverFoxTest.TestClass1.openBrowser(TestClass1.java:32)
at coverFoxTest.TestClass1.openBrowser(TestClass1.java:32)
at coverFoxTest.TestClass1.openBrowser(TestClass1.java:32)
at coverFoxTest.TestClass1.openBrowser(TestClass1.java:32)
at coverFoxTest.TestClass1.openBrowser(TestClass1.java:32)
at coverFoxTest.TestClass1.openBrowser(TestClass1.java:32)
at coverFoxTest.TestClass1.openBrowser(TestClass1.java:32)
at coverFoxTest.TestClass1.openBrowser(TestClass1.java:32)
at coverFoxTest.TestClass1.openBrowser(TestClass1.java:32)
at coverFoxTest.TestClass1.openBrowser(TestClass1.java:32)
at coverFoxTest.TestClass1.openBrowser(TestClass1.java:32)
at coverFoxTest.TestClass1.openBrowser(TestClass1.java:32)
at coverFoxTest.TestClass1.openBrowser(TestClass1.java:32)
at coverFoxTest.TestClass1.openBrowser(TestClass1.java:32)
at coverFoxTest.TestClass1.openBrowser(TestClass1.java:32)
at coverFoxTest.TestClass1.openBrowser(TestClass1.java:32)
at coverFoxTest.TestClass1.openBrowser(TestClass1.java:32)
at coverFoxTest.TestClass1.openBrowser(TestClass1.java:32)
at coverFoxTest.TestClass1.openBrowser(TestClass1.java:32)
at coverFoxTest.TestClass1.openBrowser(TestClass1.java:32)
at coverFoxTest.TestClass1.openBrowser(TestClass1.java:32)
at coverFoxTest.TestClass1.openBrowser(TestClass1.java:32)
at coverFoxTest.TestClass1.openBrowser(TestClass1.java:32)
at coverFoxTest.TestClass1.openBrowser(TestClass1.java:32)
at coverFoxTest.TestClass1.openBrowser(TestClass1.java:32)
at coverFoxTest.TestClass1.openBrowser(TestClass1.java:32)
at coverFoxTest.TestClass1.openBrowser(TestClass1.java:32)
at coverFoxTest.TestClass1.openBrowser(TestClass1.java:32)
at coverFoxTest.TestClass1.openBrowser(TestClass1.java:32)
at coverFoxTest.TestClass1.openBrowser(TestClass1.java:32)
at coverFoxTest.TestClass1.openBrowser(TestClass1.java:32)
at coverFoxTest.TestClass1.openBrowser(TestClass1.java:32)
at coverFoxTest.TestClass1.openBrowser(TestClass1.java:32)
at coverFoxTest.TestClass1.openBrowser(TestClass1.java:32)
at coverFoxTest.TestClass1.openBrowser(TestClass1.java:32)
at coverFoxTest.TestClass1.openBrowser(TestClass1.java:32)
at coverFoxTest.TestClass1.openBrowser(TestClass1.java:32)
at coverFoxTest.TestClass1.openBrowser(TestClass1.java:32)
at coverFoxTest.TestClass1.openBrowser(TestClass1.java:32)
at coverFoxTest.TestClass1.openBrowser(TestClass1.java:32)
at coverFoxTest.TestClass1.openBrowser(TestClass1.java:32)
at coverFoxTest.TestClass1.openBrowser(TestClass1.java:32)
at coverFoxTest.TestClass1.openBrowser(TestClass1.java:32)
at coverFoxTest.TestClass1.openBrowser(TestClass1.java:32)
at coverFoxTest.TestClass1.openBrowser(TestClass1.java:32)
at coverFoxTest.TestClass1.openBrowser(TestClass1.java:32)
at coverFoxTest.TestClass1.openBrowser(TestClass1.java:32)
at coverFoxTest.TestClass1.openBrowser(TestClass1.java:32)
at coverFoxTest.TestClass1.openBrowser(TestClass1.java:32)
at coverFoxTest.TestClass1.openBrowser(TestClass1.java:32)
at coverFoxTest.TestClass1.openBrowser(TestClass1.java:32)
at coverFoxTest.TestClass1.openBrowser(TestClass1.java:32)
at coverFoxTest.TestClass1.openBrowser(TestClass1.java:32)
at coverFoxTest.TestClass1.openBrowser(TestClass1.java:32)
at coverFoxTest.TestClass1.openBrowser(TestClass1.java:32)
at coverFoxTest.TestClass1.openBrowser(TestClass1.java:32)
at coverFoxTest.TestClass1.openBrowser(TestClass1.java:32)
at coverFoxTest.TestClass1.openBrowser(TestClass1.java:32)
at coverFoxTest.TestClass1.openBrowser(TestClass1.java:32)
at coverFoxTest.TestClass1.openBrowser(TestClass1.java:32)
at coverFoxTest.TestClass1.openBrowser(TestClass1.java:32)
at coverFoxTest.TestClass1.openBrowser(TestClass1.java:32)
at coverFoxTest.TestClass1.openBrowser(TestClass1.java:32)
at coverFoxTest.TestClass1.openBrowser(TestClass1.java:32)
at coverFoxTest.TestClass1.openBrowser(TestClass1.java:32)
at coverFoxTest.TestClass1.openBrowser(TestClass1.java:32)
at coverFoxTest.TestClass1.openBrowser(TestClass1.java:32)
at coverFoxTest.TestClass1.openBrowser(TestClass1.java:32)
at coverFoxTest.TestClass1.openBrowser(TestClass1.java:32)
at coverFoxTest.TestClass1.openBrowser(TestClass1.java:32)
at coverFoxTest.TestClass1.openBrowser(TestClass1.java:32)
at coverFoxTest.TestClass1.openBrowser(TestClass1.java:32)
at coverFoxTest.TestClass1.openBrowser(TestClass1.java:32)
at coverFoxTest.TestClass1.openBrowser(TestClass1.java:32)
at coverFoxTest.TestClass1.openBrowser(TestClass1.java:32)
at coverFoxTest.TestClass1.openBrowser(TestClass1.java:32)
at coverFoxTest.TestClass1.openBrowser(TestClass1.java:32)
at coverFoxTest.TestClass1.openBrowser(TestClass1.java:32)
at coverFoxTest.TestClass1.openBrowser(TestClass1.java:32)
at coverFoxTest.TestClass1.openBrowser(TestClass1.java:32)
at coverFoxTest.TestClass1.openBrowser(TestClass1.java:32)
at coverFoxTest.TestClass1.openBrowser(TestClass1.java:32)
at coverFoxTest.TestClass1.openBrowser(TestClass1.java:32)
at coverFoxTest.TestClass1.openBrowser(TestClass1.java:32)
at coverFoxTest.TestClass1.openBrowser(TestClass1.java:32)
at coverFoxTest.TestClass1.openBrowser(TestClass1.java:32)
at coverFoxTest.TestClass1.openBrowser(TestClass1.java:32)
at coverFoxTest.TestClass1.openBrowser(TestClass1.java:32)
at coverFoxTest.TestClass1.openBrowser(TestClass1.java:32)
at coverFoxTest.TestClass1.openBrowser(TestClass1.java:32)
at coverFoxTest.TestClass1.openBrowser(TestClass1.java:32)
at coverFoxTest.TestClass1.openBrowser(TestClass1.java:32)
at coverFoxTest.TestClass1.openBrowser(TestClass1.java:32)
at coverFoxTest.TestClass1.openBrowser(TestClass1.java:32)
at coverFoxTest.TestClass1.openBrowser(TestClass1.java:32)
at coverFoxTest.TestClass1.openBrowser(TestClass1.java:32)
at coverFoxTest.TestClass1.openBrowser(TestClass1.java:32)
at coverFoxTest.TestClass1.openBrowser(TestClass1.java:32)
at coverFoxTest.TestClass1.openBrowser(TestClass1.java:32)
at coverFoxTest.TestClass1.openBrowser(TestClass1.java:32)
at coverFoxTest.TestClass1.openBrowser(TestClass1.java:32)
at coverFoxTest.TestClass1.openBrowser(TestClass1.java:32)
at coverFoxTest.TestClass1.openBrowser(TestClass1.java:32)
at coverFoxTest.TestClass1.openBrowser(TestClass1.java:32)
at coverFoxTest.TestClass1.openBrowser(TestClass1.java:32)
at coverFoxTest.TestClass1.openBrowser(TestClass1.java:32)
at coverFoxTest.TestClass1.openBrowser(TestClass1.java:32)
at coverFoxTest.TestClass1.openBrowser(TestClass1.java:32)
at coverFoxTest.TestClass1.openBrowser(TestClass1.java:32)
at coverFoxTest.TestClass1.openBrowser(TestClass1.java:32)
at coverFoxTest.TestClass1.openBrowser(TestClass1.java:32)
at coverFoxTest.TestClass1.openBrowser(TestClass1.java:32)
at coverFoxTest.TestClass1.openBrowser(TestClass1.java:32)
at coverFoxTest.TestClass1.openBrowser(TestClass1.java:32)
at coverFoxTest.TestClass1.openBrowser(TestClass1.java:32)
at coverFoxTest.TestClass1.openBrowser(TestClass1.java:32)
at coverFoxTest.TestClass1.openBrowser(TestClass1.java:32)
at coverFoxTest.TestClass1.openBrowser(TestClass1.java:32)
at coverFoxTest.TestClass1.openBrowser(TestClass1.java:32)
at coverFoxTest.TestClass1.openBrowser(TestClass1.java:32)
at coverFoxTest.TestClass1.openBrowser(TestClass1.java:32)
at coverFoxTest.TestClass1.openBrowser(TestClass1.java:32)
at coverFoxTest.TestClass1.openBrowser(TestClass1.java:32)
at coverFoxTest.TestClass1.openBrowser(TestClass1.java:32)
at coverFoxTest.TestClass1.openBrowser(TestClass1.java:32)
at coverFoxTest.TestClass1.openBrowser(TestClass1.java:32)
at coverFoxTest.TestClass1.openBrowser(TestClass1.java:32)
at coverFoxTest.TestClass1.openBrowser(TestClass1.java:32)
at coverFoxTest.TestClass1.openBrowser(TestClass1.java:32)
at coverFoxTest.TestClass1.openBrowser(TestClass1.java:32)
at coverFoxTest.TestClass1.openBrowser(TestClass1.java:32)
at coverFoxTest.TestClass1.openBrowser(TestClass1.java:32)
at coverFoxTest.TestClass1.openBrowser(TestClass1.java:32)
at coverFoxTest.TestClass1.openBrowser(TestClass1.java:32)
at coverFoxTest.TestClass1.openBrowser(TestClass1.java:32)
at coverFoxTest.TestClass1.openBrowser(TestClass1.java:32)
at coverFoxTest.TestClass1.openBrowser(TestClass1.java:32)
at coverFoxTest.TestClass1.openBrowser(TestClass1.java:32)
at coverFoxTest.TestClass1.openBrowser(TestClass1.java:32)
at coverFoxTest.TestClass1.openBrowser(TestClass1.java:32)
at coverFoxTest.TestClass1.openBrowser(TestClass1.java:32)
at coverFoxTest.TestClass1.openBrowser(TestClass1.java:32)
at coverFoxTest.TestClass1.openBrowser(TestClass1.java:32)
at coverFoxTest.TestClass1.openBrowser(TestClass1.java:32)
at coverFoxTest.TestClass1.openBrowser(TestClass1.java:32)
at coverFoxTest.TestClass1.openBrowser(TestClass1.java:32)
at coverFoxTest.TestClass1.openBrowser(TestClass1.java:32)
at coverFoxTest.TestClass1.openBrowser(TestClass1.java:32)
at coverFoxTest.TestClass1.openBrowser(TestClass1.java:32)
at coverFoxTest.TestClass1.openBrowser(TestClass1.java:32)
at coverFoxTest.TestClass1.openBrowser(TestClass1.java:32)
at coverFoxTest.TestClass1.openBrowser(TestClass1.java:32)
at coverFoxTest.TestClass1.openBrowser(TestClass1.java:32)
at coverFoxTest.TestClass1.openBrowser(TestClass1.java:32)
at coverFoxTest.TestClass1.openBrowser(TestClass1.java:32)
at coverFoxTest.TestClass1.openBrowser(TestClass1.java:32)
at coverFoxTest.TestClass1.openBrowser(TestClass1.java:32)
at coverFoxTest.TestClass1.openBrowser(TestClass1.java:32)
at coverFoxTest.TestClass1.openBrowser(TestClass1.java:32)
at coverFoxTest.TestClass1.openBrowser(TestClass1.java:32)
at coverFoxTest.TestClass1.openBrowser(TestClass1.java:32)
at coverFoxTest.TestClass1.openBrowser(TestClass1.java:32)
at coverFoxTest.TestClass1.openBrowser(TestClass1.java:32)
at coverFoxTest.TestClass1.openBrowser(TestClass1.java:32)
at coverFoxTest.TestClass1.openBrowser(TestClass1.java:32)
at coverFoxTest.TestClass1.openBrowser(TestClass1.java:32)
at coverFoxTest.TestClass1.openBrowser(TestClass1.java:32)
at coverFoxTest.TestClass1.openBrowser(TestClass1.java:32)
at coverFoxTest.TestClass1.openBrowser(TestClass1.java:32)
at coverFoxTest.TestClass1.openBrowser(TestClass1.java:32)
at coverFoxTest.TestClass1.openBrowser(TestClass1.java:32)
at coverFoxTest.TestClass1.openBrowser(TestClass1.java:32)
at coverFoxTest.TestClass1.openBrowser(TestClass1.java:32)
at coverFoxTest.TestClass1.openBrowser(TestClass1.java:32)
at coverFoxTest.TestClass1.openBrowser(TestClass1.java:32)
at coverFoxTest.TestClass1.openBrowser(TestClass1.java:32)
]]>
    </error>
  </testcase> <!-- openBrowser -->
  <testcase classname="coverFoxTest.TestClass1" name="validatePresenceOfSortDropdown" time="0.000">
    <skipped/>
  </testcase> <!-- validatePresenceOfSortDropdown -->
</testsuite> <!-- coverFoxTest.TestClass1 -->
